<?xml version="1.0" encoding="UTF-8"?>
<!-- Generated by org.testng.reporters.JUnitXMLReporter -->
<testsuite ignored="0" hostname="Apurwas-MacBook-Pro.local" failures="0" tests="3" name="Test" time="4.778" errors="0" timestamp="2021-06-10T17:33:46 IST">
  <testcase classname="testcases.spaceXAPITest" name="getSpaceVAPI" time="1.91"/>
  <testcase classname="testcases.spaceXAPITest" name="getSpaceVAPINegative" time="1.217"/>
  <testcase classname="testcases.spaceXAPITest" name="getSpaceVAPIStatusLine" time="1.132"/>
</testsuite> <!-- Test -->
