<?xml version="1.0" encoding="UTF-8"?>
<testng-results ignored="0" total="3" passed="3" failed="0" skipped="0">
  <reporter-output>
  </reporter-output>
  <suite started-at="2021-06-10T17:33:41 IST" name="Suite" finished-at="2021-06-10T17:33:45 IST" duration-ms="4778">
    <groups>
    </groups>
    <test started-at="2021-06-10T17:33:41 IST" name="Test" finished-at="2021-06-10T17:33:45 IST" duration-ms="4778">
      <class name="testcases.spaceXAPITest">
        <test-method is-config="true" signature="instantiateClasses()[pri:0, instance:testcases.spaceXAPITest@6dee4f1b]" started-at="2021-06-10T17:33:41 IST" name="instantiateClasses" finished-at="2021-06-10T17:33:41 IST" duration-ms="475" status="PASS">
          <reporter-output>
          </reporter-output>
        </test-method> <!-- instantiateClasses -->
        <test-method signature="getSpaceVAPI()[pri:0, instance:testcases.spaceXAPITest@6dee4f1b]" started-at="2021-06-10T17:33:41 IST" name="getSpaceVAPI" finished-at="2021-06-10T17:33:43 IST" duration-ms="1910" status="PASS">
          <reporter-output>
          </reporter-output>
        </test-method> <!-- getSpaceVAPI -->
        <test-method signature="getSpaceVAPINegative()[pri:0, instance:testcases.spaceXAPITest@6dee4f1b]" started-at="2021-06-10T17:33:43 IST" name="getSpaceVAPINegative" finished-at="2021-06-10T17:33:44 IST" duration-ms="1217" status="PASS">
          <reporter-output>
          </reporter-output>
        </test-method> <!-- getSpaceVAPINegative -->
        <test-method signature="getSpaceVAPIStatusLine()[pri:0, instance:testcases.spaceXAPITest@6dee4f1b]" started-at="2021-06-10T17:33:44 IST" name="getSpaceVAPIStatusLine" finished-at="2021-06-10T17:33:45 IST" duration-ms="1132" status="PASS">
          <reporter-output>
          </reporter-output>
        </test-method> <!-- getSpaceVAPIStatusLine -->
      </class> <!-- testcases.spaceXAPITest -->
    </test> <!-- Test -->
  </suite> <!-- Suite -->
</testng-results>
